[18-Nov-2021 09:16:30 Asia/Tashkent] PHP Warning:  require_once(paycom.config.php): failed to open stream: No such file or directory in /home/mttpsixo/public_html/paycom/index.php on line 14
[18-Nov-2021 09:16:30 Asia/Tashkent] PHP Fatal error:  require_once(): Failed opening required 'paycom.config.php' (include_path='.:/opt/alt/php72/usr/share/pear') in /home/mttpsixo/public_html/paycom/index.php on line 14
[18-Nov-2021 09:19:12 Asia/Tashkent] PHP Fatal error:  Uncaught Paycom\PaycomException: Invalid JSON-RPC object. in /home/mttpsixo/public_html/paycom/Paycom/Request.php:32
Stack trace:
#0 /home/mttpsixo/public_html/paycom/Paycom/Application.php(19): Paycom\Request->__construct()
#1 /home/mttpsixo/public_html/paycom/index.php(16): Paycom\Application->__construct(Array)
#2 {main}
  thrown in /home/mttpsixo/public_html/paycom/Paycom/Request.php on line 32
[18-Nov-2021 09:19:35 Asia/Tashkent] PHP Fatal error:  Uncaught Paycom\PaycomException: Invalid JSON-RPC object. in /home/mttpsixo/public_html/paycom/Paycom/Request.php:32
Stack trace:
#0 /home/mttpsixo/public_html/paycom/Paycom/Application.php(19): Paycom\Request->__construct()
#1 /home/mttpsixo/public_html/paycom/index.php(16): Paycom\Application->__construct(Array)
#2 {main}
  thrown in /home/mttpsixo/public_html/paycom/Paycom/Request.php on line 32
[18-Nov-2021 10:22:42 Asia/Tashkent] PHP Fatal error:  Uncaught TypeError: Argument 1 passed to Paycom\Database::__construct() must be of the type array or null, boolean given, called in /home/mttpsixo/public_html/paycom/Paycom/Database.php on line 44 and defined in /home/mttpsixo/public_html/paycom/Paycom/Database.php:11
Stack trace:
#0 /home/mttpsixo/public_html/paycom/Paycom/Database.php(44): Paycom\Database->__construct(true)
#1 /home/mttpsixo/public_html/paycom/Paycom/Order.php(166): Paycom\Database::db()
#2 /home/mttpsixo/public_html/paycom/Paycom/Application.php(72): Paycom\Order->find(Array)
#3 /home/mttpsixo/public_html/paycom/Paycom/Application.php(36): Paycom\Application->CheckPerformTransaction()
#4 /home/mttpsixo/public_html/paycom/index.php(17): Paycom\Application->run()
#5 {main}
  thrown in /home/mttpsixo/public_html/paycom/Paycom/Database.php on line 11
[18-Nov-2021 10:22:42 Asia/Tashkent] PHP Fatal error:  Uncaught TypeError: Argument 1 passed to Paycom\Database::__construct() must be of the type array or null, boolean given, called in /home/mttpsixo/public_html/paycom/Paycom/Database.php on line 44 and defined in /home/mttpsixo/public_html/paycom/Paycom/Database.php:11
Stack trace:
#0 /home/mttpsixo/public_html/paycom/Paycom/Database.php(44): Paycom\Database->__construct(true)
#1 /home/mttpsixo/public_html/paycom/Paycom/Order.php(166): Paycom\Database::db()
#2 /home/mttpsixo/public_html/paycom/Paycom/Application.php(118): Paycom\Order->find(Array)
#3 /home/mttpsixo/public_html/paycom/Paycom/Application.php(42): Paycom\Application->CreateTransaction()
#4 /home/mttpsixo/public_html/paycom/index.php(17): Paycom\Application->run()
#5 {main}
  thrown in /home/mttpsixo/public_html/paycom/Paycom/Database.php on line 11
[18-Nov-2021 10:24:51 Asia/Tashkent] PHP Fatal error:  Uncaught TypeError: Argument 1 passed to Paycom\Database::__construct() must be of the type array or null, boolean given, called in /home/mttpsixo/public_html/paycom/Paycom/Database.php on line 44 and defined in /home/mttpsixo/public_html/paycom/Paycom/Database.php:11
Stack trace:
#0 /home/mttpsixo/public_html/paycom/Paycom/Database.php(44): Paycom\Database->__construct(true)
#1 /home/mttpsixo/public_html/paycom/Paycom/Order.php(166): Paycom\Database::db()
#2 /home/mttpsixo/public_html/paycom/Paycom/Application.php(72): Paycom\Order->find(Array)
#3 /home/mttpsixo/public_html/paycom/Paycom/Application.php(36): Paycom\Application->CheckPerformTransaction()
#4 /home/mttpsixo/public_html/paycom/index.php(17): Paycom\Application->run()
#5 {main}
  thrown in /home/mttpsixo/public_html/paycom/Paycom/Database.php on line 11
[18-Nov-2021 10:24:52 Asia/Tashkent] PHP Fatal error:  Uncaught TypeError: Argument 1 passed to Paycom\Database::__construct() must be of the type array or null, boolean given, called in /home/mttpsixo/public_html/paycom/Paycom/Database.php on line 44 and defined in /home/mttpsixo/public_html/paycom/Paycom/Database.php:11
Stack trace:
#0 /home/mttpsixo/public_html/paycom/Paycom/Database.php(44): Paycom\Database->__construct(true)
#1 /home/mttpsixo/public_html/paycom/Paycom/Order.php(166): Paycom\Database::db()
#2 /home/mttpsixo/public_html/paycom/Paycom/Application.php(118): Paycom\Order->find(Array)
#3 /home/mttpsixo/public_html/paycom/Paycom/Application.php(42): Paycom\Application->CreateTransaction()
#4 /home/mttpsixo/public_html/paycom/index.php(17): Paycom\Application->run()
#5 {main}
  thrown in /home/mttpsixo/public_html/paycom/Paycom/Database.php on line 11
[18-Nov-2021 10:24:52 Asia/Tashkent] PHP Fatal error:  Uncaught TypeError: Argument 1 passed to Paycom\Database::__construct() must be of the type array or null, boolean given, called in /home/mttpsixo/public_html/paycom/Paycom/Database.php on line 44 and defined in /home/mttpsixo/public_html/paycom/Paycom/Database.php:11
Stack trace:
#0 /home/mttpsixo/public_html/paycom/Paycom/Database.php(44): Paycom\Database->__construct(true)
#1 /home/mttpsixo/public_html/paycom/Paycom/Transaction.php(219): Paycom\Database::db()
#2 /home/mttpsixo/public_html/paycom/Paycom/Application.php(96): Paycom\Transaction->find(Array)
#3 /home/mttpsixo/public_html/paycom/Paycom/Application.php(39): Paycom\Application->CheckTransaction()
#4 /home/mttpsixo/public_html/paycom/index.php(17): Paycom\Application->run()
#5 {main}
  thrown in /home/mttpsixo/public_html/paycom/Paycom/Database.php on line 11
[18-Nov-2021 10:24:52 Asia/Tashkent] PHP Fatal error:  Uncaught TypeError: Argument 1 passed to Paycom\Database::__construct() must be of the type array or null, boolean given, called in /home/mttpsixo/public_html/paycom/Paycom/Database.php on line 44 and defined in /home/mttpsixo/public_html/paycom/Paycom/Database.php:11
Stack trace:
#0 /home/mttpsixo/public_html/paycom/Paycom/Database.php(44): Paycom\Database->__construct(true)
#1 /home/mttpsixo/public_html/paycom/Paycom/Order.php(166): Paycom\Database::db()
#2 /home/mttpsixo/public_html/paycom/Paycom/Application.php(118): Paycom\Order->find(Array)
#3 /home/mttpsixo/public_html/paycom/Paycom/Application.php(42): Paycom\Application->CreateTransaction()
#4 /home/mttpsixo/public_html/paycom/index.php(17): Paycom\Application->run()
#5 {main}
  thrown in /home/mttpsixo/public_html/paycom/Paycom/Database.php on line 11
[18-Nov-2021 10:36:58 Asia/Tashkent] PHP Notice:  Undefined variable: unique_array in /home/mttpsixo/public_html/paycom/Paycom/Database.php on line 44
[18-Nov-2021 10:36:58 Asia/Tashkent] PHP Notice:  Undefined variable: unique_array in /home/mttpsixo/public_html/paycom/Paycom/Database.php on line 44
[18-Nov-2021 10:36:59 Asia/Tashkent] PHP Notice:  Undefined variable: unique_array in /home/mttpsixo/public_html/paycom/Paycom/Database.php on line 44
[18-Nov-2021 10:36:59 Asia/Tashkent] PHP Notice:  Undefined variable: unique_array in /home/mttpsixo/public_html/paycom/Paycom/Database.php on line 44
[18-Nov-2021 10:37:34 Asia/Tashkent] PHP Notice:  Undefined index: host in /home/mttpsixo/public_html/paycom/Paycom/Database.php on line 27
[18-Nov-2021 10:37:35 Asia/Tashkent] PHP Notice:  Undefined index: host in /home/mttpsixo/public_html/paycom/Paycom/Database.php on line 27
[18-Nov-2021 10:37:35 Asia/Tashkent] PHP Notice:  Undefined index: host in /home/mttpsixo/public_html/paycom/Paycom/Database.php on line 27
[18-Nov-2021 10:37:35 Asia/Tashkent] PHP Notice:  Undefined index: host in /home/mttpsixo/public_html/paycom/Paycom/Database.php on line 27
